CRITICAL - 2022-07-30 13:49:09 --> Undefined property: CodeIgniter\View\View::$session
in APPPATH\Views\kegiatan.php on line 15.
 1 APPPATH\Views\kegiatan.php(15): CodeIgniter\Debug\Exceptions->errorHandler(8, 'Undefined property: CodeIgniter\\View\\View::$session', 'APPPATH\\Views\\kegiatan.php', 15, [])
 2 SYSTEMPATH\View\View.php(213): include('APPPATH\\Views\\kegiatan.php')
 3 SYSTEMPATH\View\View.php(216): CodeIgniter\View\View->CodeIgniter\View\{closure}()
 4 SYSTEMPATH\Common.php(1135): CodeIgniter\View\View->render('kegiatan', [], true)
 5 APPPATH\Controllers\Home.php(24): view('kegiatan')
 6 SYSTEMPATH\CodeIgniter.php(896): App\Controllers\Home->kegiatan()
 7 SYSTEMPATH\CodeIgniter.php(466): CodeIgniter\CodeIgniter->runController(Object(App\Controllers\Home))
 8 SYSTEMPATH\CodeIgniter.php(349): CodeIgniter\CodeIgniter->handleRequest(null, Object(Config\Cache), false)
 9 FCPATH\index.php(55): CodeIgniter\CodeIgniter->run()
10 SYSTEMPATH\Commands\Server\rewrite.php(43): require_once('FCPATH\\index.php')
CRITICAL - 2022-07-30 13:49:23 --> Undefined property: CodeIgniter\View\View::$session
in APPPATH\Views\kegiatan.php on line 15.
 1 APPPATH\Views\kegiatan.php(15): CodeIgniter\Debug\Exceptions->errorHandler(8, 'Undefined property: CodeIgniter\\View\\View::$session', 'APPPATH\\Views\\kegiatan.php', 15, [])
 2 SYSTEMPATH\View\View.php(213): include('APPPATH\\Views\\kegiatan.php')
 3 SYSTEMPATH\View\View.php(216): CodeIgniter\View\View->CodeIgniter\View\{closure}()
 4 SYSTEMPATH\Common.php(1135): CodeIgniter\View\View->render('kegiatan', [], true)
 5 APPPATH\Controllers\Home.php(24): view('kegiatan')
 6 SYSTEMPATH\CodeIgniter.php(896): App\Controllers\Home->kegiatan()
 7 SYSTEMPATH\CodeIgniter.php(466): CodeIgniter\CodeIgniter->runController(Object(App\Controllers\Home))
 8 SYSTEMPATH\CodeIgniter.php(349): CodeIgniter\CodeIgniter->handleRequest(null, Object(Config\Cache), false)
 9 FCPATH\index.php(55): CodeIgniter\CodeIgniter->run()
10 SYSTEMPATH\Commands\Server\rewrite.php(43): require_once('FCPATH\\index.php')
CRITICAL - 2022-07-30 13:50:26 --> Undefined property: CodeIgniter\View\View::$session
in APPPATH\Views\kegiatan.php on line 15.
 1 APPPATH\Views\kegiatan.php(15): CodeIgniter\Debug\Exceptions->errorHandler(8, 'Undefined property: CodeIgniter\\View\\View::$session', 'APPPATH\\Views\\kegiatan.php', 15, [])
 2 SYSTEMPATH\View\View.php(213): include('APPPATH\\Views\\kegiatan.php')
 3 SYSTEMPATH\View\View.php(216): CodeIgniter\View\View->CodeIgniter\View\{closure}()
 4 SYSTEMPATH\Common.php(1135): CodeIgniter\View\View->render('kegiatan', [], true)
 5 APPPATH\Controllers\Home.php(24): view('kegiatan')
 6 SYSTEMPATH\CodeIgniter.php(896): App\Controllers\Home->kegiatan()
 7 SYSTEMPATH\CodeIgniter.php(466): CodeIgniter\CodeIgniter->runController(Object(App\Controllers\Home))
 8 SYSTEMPATH\CodeIgniter.php(349): CodeIgniter\CodeIgniter->handleRequest(null, Object(Config\Cache), false)
 9 FCPATH\index.php(55): CodeIgniter\CodeIgniter->run()
10 SYSTEMPATH\Commands\Server\rewrite.php(43): require_once('FCPATH\\index.php')
CRITICAL - 2022-07-30 14:02:06 --> Call to a member function result_array() on array
in APPPATH\Views\kegiatan.php on line 28.
 1 SYSTEMPATH\View\View.php(213): include()
 2 SYSTEMPATH\View\View.php(216): CodeIgniter\View\View->CodeIgniter\View\{closure}()
 3 SYSTEMPATH\Common.php(1135): CodeIgniter\View\View->render('kegiatan', [], true)
 4 APPPATH\Controllers\Home.php(23): view('kegiatan', [...])
 5 SYSTEMPATH\CodeIgniter.php(896): App\Controllers\Home->kegiatan()
 6 SYSTEMPATH\CodeIgniter.php(466): CodeIgniter\CodeIgniter->runController(Object(App\Controllers\Home))
 7 SYSTEMPATH\CodeIgniter.php(349): CodeIgniter\CodeIgniter->handleRequest(null, Object(Config\Cache), false)
 8 FCPATH\index.php(55): CodeIgniter\CodeIgniter->run()
 9 SYSTEMPATH\Commands\Server\rewrite.php(43): require_once('FCPATH\\index.php')
CRITICAL - 2022-07-30 14:08:23 --> Undefined variable: keypegawai
in APPPATH\Views\kegiatan\tambah.php on line 22.
 1 APPPATH\Views\kegiatan\tambah.php(22): CodeIgniter\Debug\Exceptions->errorHandler(8, 'Undefined variable: keypegawai', 'APPPATH\\Views\\kegiatan\\tambah.php', 22, [])
 2 SYSTEMPATH\View\View.php(213): include('APPPATH\\Views\\kegiatan\\tambah.php')
 3 SYSTEMPATH\View\View.php(216): CodeIgniter\View\View->CodeIgniter\View\{closure}()
 4 SYSTEMPATH\Common.php(1135): CodeIgniter\View\View->render('kegiatan/tambah', [], true)
 5 APPPATH\Controllers\Home.php(28): view('kegiatan/tambah')
 6 SYSTEMPATH\CodeIgniter.php(896): App\Controllers\Home->add_kegiatan()
 7 SYSTEMPATH\CodeIgniter.php(466): CodeIgniter\CodeIgniter->runController(Object(App\Controllers\Home))
 8 SYSTEMPATH\CodeIgniter.php(349): CodeIgniter\CodeIgniter->handleRequest(null, Object(Config\Cache), false)
 9 FCPATH\index.php(55): CodeIgniter\CodeIgniter->run()
10 SYSTEMPATH\Commands\Server\rewrite.php(43): require_once('FCPATH\\index.php')
CRITICAL - 2022-07-30 14:21:52 --> Call to undefined method App\Models\PegawaiModel::getAll
in SYSTEMPATH\Model.php on line 773.
 1 APPPATH\Controllers\Home.php(28): CodeIgniter\Model->__call('getAll', [])
 2 SYSTEMPATH\CodeIgniter.php(896): App\Controllers\Home->add_kegiatan()
 3 SYSTEMPATH\CodeIgniter.php(466): CodeIgniter\CodeIgniter->runController(Object(App\Controllers\Home))
 4 SYSTEMPATH\CodeIgniter.php(349): CodeIgniter\CodeIgniter->handleRequest(null, Object(Config\Cache), false)
 5 FCPATH\index.php(55): CodeIgniter\CodeIgniter->run()
 6 SYSTEMPATH\Commands\Server\rewrite.php(43): require_once('FCPATH\\index.php')
CRITICAL - 2022-07-30 14:22:53 --> Call to undefined method App\Models\PegawaiModel::getAll
in SYSTEMPATH\Model.php on line 773.
 1 APPPATH\Controllers\Home.php(28): CodeIgniter\Model->__call('getAll', [])
 2 SYSTEMPATH\CodeIgniter.php(896): App\Controllers\Home->add_kegiatan()
 3 SYSTEMPATH\CodeIgniter.php(466): CodeIgniter\CodeIgniter->runController(Object(App\Controllers\Home))
 4 SYSTEMPATH\CodeIgniter.php(349): CodeIgniter\CodeIgniter->handleRequest(null, Object(Config\Cache), false)
 5 FCPATH\index.php(55): CodeIgniter\CodeIgniter->run()
 6 SYSTEMPATH\Commands\Server\rewrite.php(43): require_once('FCPATH\\index.php')
CRITICAL - 2022-07-30 14:24:28 --> Cannot use object of type stdClass as array
in APPPATH\Views\kegiatan\tambah.php on line 23.
 1 SYSTEMPATH\View\View.php(213): include()
 2 SYSTEMPATH\View\View.php(216): CodeIgniter\View\View->CodeIgniter\View\{closure}()
 3 SYSTEMPATH\Common.php(1135): CodeIgniter\View\View->render('kegiatan/tambah', [], true)
 4 APPPATH\Controllers\Home.php(29): view('kegiatan/tambah', [...])
 5 SYSTEMPATH\CodeIgniter.php(896): App\Controllers\Home->add_kegiatan()
 6 SYSTEMPATH\CodeIgniter.php(466): CodeIgniter\CodeIgniter->runController(Object(App\Controllers\Home))
 7 SYSTEMPATH\CodeIgniter.php(349): CodeIgniter\CodeIgniter->handleRequest(null, Object(Config\Cache), false)
 8 FCPATH\index.php(55): CodeIgniter\CodeIgniter->run()
 9 SYSTEMPATH\Commands\Server\rewrite.php(43): require_once('FCPATH\\index.php')
CRITICAL - 2022-07-30 14:25:32 --> Cannot use object of type stdClass as array
in APPPATH\Views\kegiatan\tambah.php on line 23.
 1 SYSTEMPATH\View\View.php(213): include()
 2 SYSTEMPATH\View\View.php(216): CodeIgniter\View\View->CodeIgniter\View\{closure}()
 3 SYSTEMPATH\Common.php(1135): CodeIgniter\View\View->render('kegiatan/tambah', [], true)
 4 APPPATH\Controllers\Home.php(29): view('kegiatan/tambah', [...])
 5 SYSTEMPATH\CodeIgniter.php(896): App\Controllers\Home->add_kegiatan()
 6 SYSTEMPATH\CodeIgniter.php(466): CodeIgniter\CodeIgniter->runController(Object(App\Controllers\Home))
 7 SYSTEMPATH\CodeIgniter.php(349): CodeIgniter\CodeIgniter->handleRequest(null, Object(Config\Cache), false)
 8 FCPATH\index.php(55): CodeIgniter\CodeIgniter->run()
 9 SYSTEMPATH\Commands\Server\rewrite.php(43): require_once('FCPATH\\index.php')
CRITICAL - 2022-07-30 14:31:24 --> There is no data to insert.
in SYSTEMPATH\BaseModel.php on line 718.
 1 SYSTEMPATH\BaseModel.php(718): CodeIgniter\Database\Exceptions\DataException::forEmptyDataset('insert')
 2 SYSTEMPATH\Model.php(666): CodeIgniter\BaseModel->insert([], true)
 3 APPPATH\Controllers\Home.php(54): CodeIgniter\Model->insert([...])
 4 SYSTEMPATH\CodeIgniter.php(896): App\Controllers\Home->add_proses()
 5 SYSTEMPATH\CodeIgniter.php(466): CodeIgniter\CodeIgniter->runController(Object(App\Controllers\Home))
 6 SYSTEMPATH\CodeIgniter.php(349): CodeIgniter\CodeIgniter->handleRequest(null, Object(Config\Cache), false)
 7 FCPATH\index.php(55): CodeIgniter\CodeIgniter->run()
 8 SYSTEMPATH\Commands\Server\rewrite.php(43): require_once('FCPATH\\index.php')
CRITICAL - 2022-07-30 14:33:34 --> There is no data to insert.
in SYSTEMPATH\BaseModel.php on line 718.
 1 SYSTEMPATH\BaseModel.php(718): CodeIgniter\Database\Exceptions\DataException::forEmptyDataset('insert')
 2 SYSTEMPATH\Model.php(666): CodeIgniter\BaseModel->insert([], true)
 3 APPPATH\Controllers\Home.php(54): CodeIgniter\Model->insert([...])
 4 SYSTEMPATH\CodeIgniter.php(896): App\Controllers\Home->add_proses()
 5 SYSTEMPATH\CodeIgniter.php(466): CodeIgniter\CodeIgniter->runController(Object(App\Controllers\Home))
 6 SYSTEMPATH\CodeIgniter.php(349): CodeIgniter\CodeIgniter->handleRequest(null, Object(Config\Cache), false)
 7 FCPATH\index.php(55): CodeIgniter\CodeIgniter->run()
 8 SYSTEMPATH\Commands\Server\rewrite.php(43): require_once('FCPATH\\index.php')
CRITICAL - 2022-07-30 14:35:35 --> There is no data to insert.
in SYSTEMPATH\BaseModel.php on line 718.
 1 SYSTEMPATH\BaseModel.php(718): CodeIgniter\Database\Exceptions\DataException::forEmptyDataset('insert')
 2 SYSTEMPATH\Model.php(666): CodeIgniter\BaseModel->insert([], true)
 3 APPPATH\Controllers\Home.php(48): CodeIgniter\Model->insert([...])
 4 SYSTEMPATH\CodeIgniter.php(896): App\Controllers\Home->add_proses()
 5 SYSTEMPATH\CodeIgniter.php(466): CodeIgniter\CodeIgniter->runController(Object(App\Controllers\Home))
 6 SYSTEMPATH\CodeIgniter.php(349): CodeIgniter\CodeIgniter->handleRequest(null, Object(Config\Cache), false)
 7 FCPATH\index.php(55): CodeIgniter\CodeIgniter->run()
 8 SYSTEMPATH\Commands\Server\rewrite.php(43): require_once('FCPATH\\index.php')
CRITICAL - 2022-07-30 14:36:04 --> Cannot use object of type stdClass as array
in APPPATH\Views\kegiatan\tambah.php on line 31.
 1 SYSTEMPATH\View\View.php(213): include()
 2 SYSTEMPATH\View\View.php(216): CodeIgniter\View\View->CodeIgniter\View\{closure}()
 3 SYSTEMPATH\Common.php(1135): CodeIgniter\View\View->render('kegiatan/tambah', [], true)
 4 APPPATH\Controllers\Home.php(29): view('kegiatan/tambah', [...])
 5 SYSTEMPATH\CodeIgniter.php(896): App\Controllers\Home->add_kegiatan()
 6 SYSTEMPATH\CodeIgniter.php(466): CodeIgniter\CodeIgniter->runController(Object(App\Controllers\Home))
 7 SYSTEMPATH\CodeIgniter.php(349): CodeIgniter\CodeIgniter->handleRequest(null, Object(Config\Cache), false)
 8 FCPATH\index.php(55): CodeIgniter\CodeIgniter->run()
 9 SYSTEMPATH\Commands\Server\rewrite.php(43): require_once('FCPATH\\index.php')
CRITICAL - 2022-07-30 14:37:14 --> There is no data to insert.
in SYSTEMPATH\BaseModel.php on line 718.
 1 SYSTEMPATH\BaseModel.php(718): CodeIgniter\Database\Exceptions\DataException::forEmptyDataset('insert')
 2 SYSTEMPATH\Model.php(666): CodeIgniter\BaseModel->insert([], true)
 3 APPPATH\Controllers\Home.php(50): CodeIgniter\Model->insert([...])
 4 SYSTEMPATH\CodeIgniter.php(896): App\Controllers\Home->add_proses()
 5 SYSTEMPATH\CodeIgniter.php(466): CodeIgniter\CodeIgniter->runController(Object(App\Controllers\Home))
 6 SYSTEMPATH\CodeIgniter.php(349): CodeIgniter\CodeIgniter->handleRequest(null, Object(Config\Cache), false)
 7 FCPATH\index.php(55): CodeIgniter\CodeIgniter->run()
 8 SYSTEMPATH\Commands\Server\rewrite.php(43): require_once('FCPATH\\index.php')
CRITICAL - 2022-07-30 14:39:55 --> There is no data to insert.
in SYSTEMPATH\BaseModel.php on line 718.
 1 SYSTEMPATH\BaseModel.php(718): CodeIgniter\Database\Exceptions\DataException::forEmptyDataset('insert')
 2 SYSTEMPATH\Model.php(666): CodeIgniter\BaseModel->insert([], true)
 3 APPPATH\Controllers\Home.php(48): CodeIgniter\Model->insert([...])
 4 SYSTEMPATH\CodeIgniter.php(896): App\Controllers\Home->add_proses()
 5 SYSTEMPATH\CodeIgniter.php(466): CodeIgniter\CodeIgniter->runController(Object(App\Controllers\Home))
 6 SYSTEMPATH\CodeIgniter.php(349): CodeIgniter\CodeIgniter->handleRequest(null, Object(Config\Cache), false)
 7 FCPATH\index.php(55): CodeIgniter\CodeIgniter->run()
 8 SYSTEMPATH\Commands\Server\rewrite.php(43): require_once('FCPATH\\index.php')
CRITICAL - 2022-07-30 14:40:55 --> There is no data to insert.
in SYSTEMPATH\BaseModel.php on line 718.
 1 SYSTEMPATH\BaseModel.php(718): CodeIgniter\Database\Exceptions\DataException::forEmptyDataset('insert')
 2 SYSTEMPATH\Model.php(666): CodeIgniter\BaseModel->insert([], true)
 3 APPPATH\Controllers\Home.php(47): CodeIgniter\Model->insert([...])
 4 SYSTEMPATH\CodeIgniter.php(896): App\Controllers\Home->add_proses()
 5 SYSTEMPATH\CodeIgniter.php(466): CodeIgniter\CodeIgniter->runController(Object(App\Controllers\Home))
 6 SYSTEMPATH\CodeIgniter.php(349): CodeIgniter\CodeIgniter->handleRequest(null, Object(Config\Cache), false)
 7 FCPATH\index.php(55): CodeIgniter\CodeIgniter->run()
 8 SYSTEMPATH\Commands\Server\rewrite.php(43): require_once('FCPATH\\index.php')
CRITICAL - 2022-07-30 14:44:02 --> There is no data to insert.
in SYSTEMPATH\BaseModel.php on line 718.
 1 SYSTEMPATH\BaseModel.php(718): CodeIgniter\Database\Exceptions\DataException::forEmptyDataset('insert')
 2 SYSTEMPATH\Model.php(666): CodeIgniter\BaseModel->insert([], true)
 3 APPPATH\Controllers\Home.php(49): CodeIgniter\Model->insert([...])
 4 SYSTEMPATH\CodeIgniter.php(896): App\Controllers\Home->add_proses()
 5 SYSTEMPATH\CodeIgniter.php(466): CodeIgniter\CodeIgniter->runController(Object(App\Controllers\Home))
 6 SYSTEMPATH\CodeIgniter.php(349): CodeIgniter\CodeIgniter->handleRequest(null, Object(Config\Cache), false)
 7 FCPATH\index.php(55): CodeIgniter\CodeIgniter->run()
 8 SYSTEMPATH\Commands\Server\rewrite.php(43): require_once('FCPATH\\index.php')
CRITICAL - 2022-07-30 14:45:28 --> There is no data to insert.
in SYSTEMPATH\BaseModel.php on line 718.
 1 SYSTEMPATH\BaseModel.php(718): CodeIgniter\Database\Exceptions\DataException::forEmptyDataset('insert')
 2 SYSTEMPATH\Model.php(666): CodeIgniter\BaseModel->insert([], true)
 3 APPPATH\Controllers\Home.php(50): CodeIgniter\Model->insert([...])
 4 SYSTEMPATH\CodeIgniter.php(896): App\Controllers\Home->add_proses()
 5 SYSTEMPATH\CodeIgniter.php(466): CodeIgniter\CodeIgniter->runController(Object(App\Controllers\Home))
 6 SYSTEMPATH\CodeIgniter.php(349): CodeIgniter\CodeIgniter->handleRequest(null, Object(Config\Cache), false)
 7 FCPATH\index.php(55): CodeIgniter\CodeIgniter->run()
 8 SYSTEMPATH\Commands\Server\rewrite.php(43): require_once('FCPATH\\index.php')
CRITICAL - 2022-07-30 14:54:23 --> There is no data to insert.
in SYSTEMPATH\BaseModel.php on line 718.
 1 SYSTEMPATH\BaseModel.php(718): CodeIgniter\Database\Exceptions\DataException::forEmptyDataset('insert')
 2 SYSTEMPATH\Model.php(666): CodeIgniter\BaseModel->insert([], true)
 3 APPPATH\Controllers\Home.php(51): CodeIgniter\Model->insert([...])
 4 SYSTEMPATH\CodeIgniter.php(896): App\Controllers\Home->add_proses()
 5 SYSTEMPATH\CodeIgniter.php(466): CodeIgniter\CodeIgniter->runController(Object(App\Controllers\Home))
 6 SYSTEMPATH\CodeIgniter.php(349): CodeIgniter\CodeIgniter->handleRequest(null, Object(Config\Cache), false)
 7 FCPATH\index.php(55): CodeIgniter\CodeIgniter->run()
 8 SYSTEMPATH\Commands\Server\rewrite.php(43): require_once('FCPATH\\index.php')
CRITICAL - 2022-07-30 14:54:32 --> There is no data to insert.
in SYSTEMPATH\BaseModel.php on line 718.
 1 SYSTEMPATH\BaseModel.php(718): CodeIgniter\Database\Exceptions\DataException::forEmptyDataset('insert')
 2 SYSTEMPATH\Model.php(666): CodeIgniter\BaseModel->insert([], true)
 3 APPPATH\Controllers\Home.php(51): CodeIgniter\Model->insert([...])
 4 SYSTEMPATH\CodeIgniter.php(896): App\Controllers\Home->add_proses()
 5 SYSTEMPATH\CodeIgniter.php(466): CodeIgniter\CodeIgniter->runController(Object(App\Controllers\Home))
 6 SYSTEMPATH\CodeIgniter.php(349): CodeIgniter\CodeIgniter->handleRequest(null, Object(Config\Cache), false)
 7 FCPATH\index.php(55): CodeIgniter\CodeIgniter->run()
 8 SYSTEMPATH\Commands\Server\rewrite.php(43): require_once('FCPATH\\index.php')
CRITICAL - 2022-07-30 14:57:30 --> There is no data to insert.
in SYSTEMPATH\BaseModel.php on line 718.
 1 SYSTEMPATH\BaseModel.php(718): CodeIgniter\Database\Exceptions\DataException::forEmptyDataset('insert')
 2 SYSTEMPATH\Model.php(666): CodeIgniter\BaseModel->insert([], true)
 3 APPPATH\Controllers\Home.php(51): CodeIgniter\Model->insert([...])
 4 SYSTEMPATH\CodeIgniter.php(896): App\Controllers\Home->add_proses()
 5 SYSTEMPATH\CodeIgniter.php(466): CodeIgniter\CodeIgniter->runController(Object(App\Controllers\Home))
 6 SYSTEMPATH\CodeIgniter.php(349): CodeIgniter\CodeIgniter->handleRequest(null, Object(Config\Cache), false)
 7 FCPATH\index.php(55): CodeIgniter\CodeIgniter->run()
 8 SYSTEMPATH\Commands\Server\rewrite.php(43): require_once('FCPATH\\index.php')
CRITICAL - 2022-07-30 14:57:44 --> There is no data to insert.
in SYSTEMPATH\BaseModel.php on line 718.
 1 SYSTEMPATH\BaseModel.php(718): CodeIgniter\Database\Exceptions\DataException::forEmptyDataset('insert')
 2 SYSTEMPATH\Model.php(666): CodeIgniter\BaseModel->insert([], true)
 3 APPPATH\Controllers\Home.php(51): CodeIgniter\Model->insert([...])
 4 SYSTEMPATH\CodeIgniter.php(896): App\Controllers\Home->add_proses()
 5 SYSTEMPATH\CodeIgniter.php(466): CodeIgniter\CodeIgniter->runController(Object(App\Controllers\Home))
 6 SYSTEMPATH\CodeIgniter.php(349): CodeIgniter\CodeIgniter->handleRequest(null, Object(Config\Cache), false)
 7 FCPATH\index.php(55): CodeIgniter\CodeIgniter->run()
 8 SYSTEMPATH\Commands\Server\rewrite.php(43): require_once('FCPATH\\index.php')
CRITICAL - 2022-07-30 14:59:01 --> Cannot use object of type stdClass as array
in APPPATH\Views\kegiatan\index.php on line 37.
 1 SYSTEMPATH\View\View.php(213): include()
 2 SYSTEMPATH\View\View.php(216): CodeIgniter\View\View->CodeIgniter\View\{closure}()
 3 SYSTEMPATH\Common.php(1135): CodeIgniter\View\View->render('kegiatan/index', [], true)
 4 APPPATH\Controllers\Home.php(24): view('kegiatan/index', [...])
 5 SYSTEMPATH\CodeIgniter.php(896): App\Controllers\Home->kegiatan()
 6 SYSTEMPATH\CodeIgniter.php(466): CodeIgniter\CodeIgniter->runController(Object(App\Controllers\Home))
 7 SYSTEMPATH\CodeIgniter.php(349): CodeIgniter\CodeIgniter->handleRequest(null, Object(Config\Cache), false)
 8 FCPATH\index.php(55): CodeIgniter\CodeIgniter->run()
 9 SYSTEMPATH\Commands\Server\rewrite.php(43): require_once('FCPATH\\index.php')
CRITICAL - 2022-07-30 14:59:30 --> Cannot use object of type stdClass as array
in APPPATH\Views\kegiatan\index.php on line 37.
 1 SYSTEMPATH\View\View.php(213): include()
 2 SYSTEMPATH\View\View.php(216): CodeIgniter\View\View->CodeIgniter\View\{closure}()
 3 SYSTEMPATH\Common.php(1135): CodeIgniter\View\View->render('kegiatan/index', [], true)
 4 APPPATH\Controllers\Home.php(24): view('kegiatan/index', [...])
 5 SYSTEMPATH\CodeIgniter.php(896): App\Controllers\Home->kegiatan()
 6 SYSTEMPATH\CodeIgniter.php(466): CodeIgniter\CodeIgniter->runController(Object(App\Controllers\Home))
 7 SYSTEMPATH\CodeIgniter.php(349): CodeIgniter\CodeIgniter->handleRequest(null, Object(Config\Cache), false)
 8 FCPATH\index.php(55): CodeIgniter\CodeIgniter->run()
 9 SYSTEMPATH\Commands\Server\rewrite.php(43): require_once('FCPATH\\index.php')
CRITICAL - 2022-07-30 14:59:36 --> Cannot use object of type stdClass as array
in APPPATH\Views\kegiatan\index.php on line 37.
 1 SYSTEMPATH\View\View.php(213): include()
 2 SYSTEMPATH\View\View.php(216): CodeIgniter\View\View->CodeIgniter\View\{closure}()
 3 SYSTEMPATH\Common.php(1135): CodeIgniter\View\View->render('kegiatan/index', [], true)
 4 APPPATH\Controllers\Home.php(24): view('kegiatan/index', [...])
 5 SYSTEMPATH\CodeIgniter.php(896): App\Controllers\Home->kegiatan()
 6 SYSTEMPATH\CodeIgniter.php(466): CodeIgniter\CodeIgniter->runController(Object(App\Controllers\Home))
 7 SYSTEMPATH\CodeIgniter.php(349): CodeIgniter\CodeIgniter->handleRequest(null, Object(Config\Cache), false)
 8 FCPATH\index.php(55): CodeIgniter\CodeIgniter->run()
 9 SYSTEMPATH\Commands\Server\rewrite.php(43): require_once('FCPATH\\index.php')
CRITICAL - 2022-07-30 15:00:26 --> Cannot use object of type stdClass as array
in APPPATH\Views\kegiatan\index.php on line 37.
 1 SYSTEMPATH\View\View.php(213): include()
 2 SYSTEMPATH\View\View.php(216): CodeIgniter\View\View->CodeIgniter\View\{closure}()
 3 SYSTEMPATH\Common.php(1135): CodeIgniter\View\View->render('kegiatan/index', [], true)
 4 APPPATH\Controllers\Home.php(24): view('kegiatan/index', [...])
 5 SYSTEMPATH\CodeIgniter.php(896): App\Controllers\Home->kegiatan()
 6 SYSTEMPATH\CodeIgniter.php(466): CodeIgniter\CodeIgniter->runController(Object(App\Controllers\Home))
 7 SYSTEMPATH\CodeIgniter.php(349): CodeIgniter\CodeIgniter->handleRequest(null, Object(Config\Cache), false)
 8 FCPATH\index.php(55): CodeIgniter\CodeIgniter->run()
 9 SYSTEMPATH\Commands\Server\rewrite.php(43): require_once('FCPATH\\index.php')
CRITICAL - 2022-07-30 15:00:37 --> Cannot use object of type stdClass as array
in APPPATH\Views\kegiatan\index.php on line 38.
 1 SYSTEMPATH\View\View.php(213): include()
 2 SYSTEMPATH\View\View.php(216): CodeIgniter\View\View->CodeIgniter\View\{closure}()
 3 SYSTEMPATH\Common.php(1135): CodeIgniter\View\View->render('kegiatan/index', [], true)
 4 APPPATH\Controllers\Home.php(24): view('kegiatan/index', [...])
 5 SYSTEMPATH\CodeIgniter.php(896): App\Controllers\Home->kegiatan()
 6 SYSTEMPATH\CodeIgniter.php(466): CodeIgniter\CodeIgniter->runController(Object(App\Controllers\Home))
 7 SYSTEMPATH\CodeIgniter.php(349): CodeIgniter\CodeIgniter->handleRequest(null, Object(Config\Cache), false)
 8 FCPATH\index.php(55): CodeIgniter\CodeIgniter->run()
 9 SYSTEMPATH\Commands\Server\rewrite.php(43): require_once('FCPATH\\index.php')
CRITICAL - 2022-07-30 15:01:13 --> Trying to get property 'id' of non-object
in APPPATH\Views\kegiatan\tambah.php on line 31.
 1 APPPATH\Views\kegiatan\tambah.php(31): CodeIgniter\Debug\Exceptions->errorHandler(8, 'Trying to get property \'id\' of non-object', 'APPPATH\\Views\\kegiatan\\tambah.php', 31, [...])
 2 SYSTEMPATH\View\View.php(213): include('APPPATH\\Views\\kegiatan\\tambah.php')
 3 SYSTEMPATH\View\View.php(216): CodeIgniter\View\View->CodeIgniter\View\{closure}()
 4 SYSTEMPATH\Common.php(1135): CodeIgniter\View\View->render('kegiatan/tambah', [], true)
 5 APPPATH\Controllers\Home.php(30): view('kegiatan/tambah', [...])
 6 SYSTEMPATH\CodeIgniter.php(896): App\Controllers\Home->add_kegiatan()
 7 SYSTEMPATH\CodeIgniter.php(466): CodeIgniter\CodeIgniter->runController(Object(App\Controllers\Home))
 8 SYSTEMPATH\CodeIgniter.php(349): CodeIgniter\CodeIgniter->handleRequest(null, Object(Config\Cache), false)
 9 FCPATH\index.php(55): CodeIgniter\CodeIgniter->run()
10 SYSTEMPATH\Commands\Server\rewrite.php(43): require_once('FCPATH\\index.php')
CRITICAL - 2022-07-30 15:34:39 --> Undefined variable: pegawai
in APPPATH\Views\kegiatan\edit.php on line 30.
 1 APPPATH\Views\kegiatan\edit.php(30): CodeIgniter\Debug\Exceptions->errorHandler(8, 'Undefined variable: pegawai', 'APPPATH\\Views\\kegiatan\\edit.php', 30, [...])
 2 SYSTEMPATH\View\View.php(213): include('APPPATH\\Views\\kegiatan\\edit.php')
 3 SYSTEMPATH\View\View.php(216): CodeIgniter\View\View->CodeIgniter\View\{closure}()
 4 SYSTEMPATH\Common.php(1135): CodeIgniter\View\View->render('kegiatan/edit', [], true)
 5 APPPATH\Controllers\Home.php(61): view('kegiatan/edit', [...])
 6 SYSTEMPATH\CodeIgniter.php(896): App\Controllers\Home->edit_kegiatan('1')
 7 SYSTEMPATH\CodeIgniter.php(466): CodeIgniter\CodeIgniter->runController(Object(App\Controllers\Home))
 8 SYSTEMPATH\CodeIgniter.php(349): CodeIgniter\CodeIgniter->handleRequest(null, Object(Config\Cache), false)
 9 FCPATH\index.php(55): CodeIgniter\CodeIgniter->run()
10 SYSTEMPATH\Commands\Server\rewrite.php(43): require_once('FCPATH\\index.php')
ERROR - 2022-07-30 16:01:30 --> Unknown column 'A.verified_id' in 'field list'
CRITICAL - 2022-07-30 16:01:30 --> Unknown column 'A.verified_id' in 'field list'
in SYSTEMPATH\Database\MySQLi\Connection.php on line 292.
 1 SYSTEMPATH\Database\MySQLi\Connection.php(292): mysqli->query('SELECT `A`.`id`, `A`.`kegiatan`, `A`.`verified_id`, `B`.`fullname`
FROM `tbl_kegiatan` `A`
LEFT JOIN `tbl_pegawai` `B` ON `B`.`id` = `A`.`verified_by`', 0)
 2 SYSTEMPATH\Database\BaseConnection.php(695): CodeIgniter\Database\MySQLi\Connection->execute('SELECT `A`.`id`, `A`.`kegiatan`, `A`.`verified_id`, `B`.`fullname`
FROM `tbl_kegiatan` `A`
LEFT JOIN `tbl_pegawai` `B` ON `B`.`id` = `A`.`verified_by`')
 3 SYSTEMPATH\Database\BaseConnection.php(609): CodeIgniter\Database\BaseConnection->simpleQuery('SELECT `A`.`id`, `A`.`kegiatan`, `A`.`verified_id`, `B`.`fullname`
FROM `tbl_kegiatan` `A`
LEFT JOIN `tbl_pegawai` `B` ON `B`.`id` = `A`.`verified_by`')
 4 SYSTEMPATH\Database\BaseBuilder.php(1585): CodeIgniter\Database\BaseConnection->query('SELECT `A`.`id`, `A`.`kegiatan`, `A`.`verified_id`, `B`.`fullname`
FROM `tbl_kegiatan` `A`
LEFT JOIN `tbl_pegawai` `B` ON `B`.`id` = `A`.`verified_by`', [], false)
 5 APPPATH\Models\KegiatanModel.php(32): CodeIgniter\Database\BaseBuilder->get()
 6 APPPATH\Controllers\Home.php(23): App\Models\KegiatanModel->getAll()
 7 SYSTEMPATH\CodeIgniter.php(896): App\Controllers\Home->kegiatan()
 8 SYSTEMPATH\CodeIgniter.php(466): CodeIgniter\CodeIgniter->runController(Object(App\Controllers\Home))
 9 SYSTEMPATH\CodeIgniter.php(349): CodeIgniter\CodeIgniter->handleRequest(null, Object(Config\Cache), false)
10 FCPATH\index.php(55): CodeIgniter\CodeIgniter->run()
11 SYSTEMPATH\Commands\Server\rewrite.php(43): require_once('FCPATH\\index.php')
CRITICAL - 2022-07-30 16:10:17 --> Call to a member function join() on array
in APPPATH\Controllers\Home.php on line 23.
 1 SYSTEMPATH\CodeIgniter.php(896): App\Controllers\Home->kegiatan()
 2 SYSTEMPATH\CodeIgniter.php(466): CodeIgniter\CodeIgniter->runController(Object(App\Controllers\Home))
 3 SYSTEMPATH\CodeIgniter.php(349): CodeIgniter\CodeIgniter->handleRequest(null, Object(Config\Cache), false)
 4 FCPATH\index.php(55): CodeIgniter\CodeIgniter->run()
 5 SYSTEMPATH\Commands\Server\rewrite.php(43): require_once('FCPATH\\index.php')
CRITICAL - 2022-07-30 16:13:00 --> Undefined property: CodeIgniter\View\View::$db
in APPPATH\Views\kegiatan\index.php on line 35.
 1 APPPATH\Views\kegiatan\index.php(35): CodeIgniter\Debug\Exceptions->errorHandler(8, 'Undefined property: CodeIgniter\\View\\View::$db', 'APPPATH\\Views\\kegiatan\\index.php', 35, [...])
 2 SYSTEMPATH\View\View.php(213): include('APPPATH\\Views\\kegiatan\\index.php')
 3 SYSTEMPATH\View\View.php(216): CodeIgniter\View\View->CodeIgniter\View\{closure}()
 4 SYSTEMPATH\Common.php(1135): CodeIgniter\View\View->render('kegiatan/index', [], true)
 5 APPPATH\Controllers\Home.php(24): view('kegiatan/index', [...])
 6 SYSTEMPATH\CodeIgniter.php(896): App\Controllers\Home->kegiatan()
 7 SYSTEMPATH\CodeIgniter.php(466): CodeIgniter\CodeIgniter->runController(Object(App\Controllers\Home))
 8 SYSTEMPATH\CodeIgniter.php(349): CodeIgniter\CodeIgniter->handleRequest(null, Object(Config\Cache), false)
 9 FCPATH\index.php(55): CodeIgniter\CodeIgniter->run()
10 SYSTEMPATH\Commands\Server\rewrite.php(43): require_once('FCPATH\\index.php')
CRITICAL - 2022-07-30 16:16:45 --> Undefined property: CodeIgniter\View\View::$db
in APPPATH\Views\kegiatan\index.php on line 35.
 1 APPPATH\Views\kegiatan\index.php(35): CodeIgniter\Debug\Exceptions->errorHandler(8, 'Undefined property: CodeIgniter\\View\\View::$db', 'APPPATH\\Views\\kegiatan\\index.php', 35, [...])
 2 SYSTEMPATH\View\View.php(213): include('APPPATH\\Views\\kegiatan\\index.php')
 3 SYSTEMPATH\View\View.php(216): CodeIgniter\View\View->CodeIgniter\View\{closure}()
 4 SYSTEMPATH\Common.php(1135): CodeIgniter\View\View->render('kegiatan/index', [], true)
 5 APPPATH\Controllers\Home.php(24): view('kegiatan/index', [...])
 6 SYSTEMPATH\CodeIgniter.php(896): App\Controllers\Home->kegiatan()
 7 SYSTEMPATH\CodeIgniter.php(466): CodeIgniter\CodeIgniter->runController(Object(App\Controllers\Home))
 8 SYSTEMPATH\CodeIgniter.php(349): CodeIgniter\CodeIgniter->handleRequest(null, Object(Config\Cache), false)
 9 FCPATH\index.php(55): CodeIgniter\CodeIgniter->run()
10 SYSTEMPATH\Commands\Server\rewrite.php(43): require_once('FCPATH\\index.php')
CRITICAL - 2022-07-30 16:17:02 --> Undefined property: CodeIgniter\View\View::$db
in APPPATH\Views\kegiatan\index.php on line 35.
 1 APPPATH\Views\kegiatan\index.php(35): CodeIgniter\Debug\Exceptions->errorHandler(8, 'Undefined property: CodeIgniter\\View\\View::$db', 'APPPATH\\Views\\kegiatan\\index.php', 35, [...])
 2 SYSTEMPATH\View\View.php(213): include('APPPATH\\Views\\kegiatan\\index.php')
 3 SYSTEMPATH\View\View.php(216): CodeIgniter\View\View->CodeIgniter\View\{closure}()
 4 SYSTEMPATH\Common.php(1135): CodeIgniter\View\View->render('kegiatan/index', [], true)
 5 APPPATH\Controllers\Home.php(24): view('kegiatan/index', [...])
 6 SYSTEMPATH\CodeIgniter.php(896): App\Controllers\Home->kegiatan()
 7 SYSTEMPATH\CodeIgniter.php(466): CodeIgniter\CodeIgniter->runController(Object(App\Controllers\Home))
 8 SYSTEMPATH\CodeIgniter.php(349): CodeIgniter\CodeIgniter->handleRequest(null, Object(Config\Cache), false)
 9 FCPATH\index.php(55): CodeIgniter\CodeIgniter->run()
10 SYSTEMPATH\Commands\Server\rewrite.php(43): require_once('FCPATH\\index.php')
CRITICAL - 2022-07-30 16:18:11 --> Undefined property: CodeIgniter\View\View::$db
in APPPATH\Views\kegiatan\index.php on line 35.
 1 APPPATH\Views\kegiatan\index.php(35): CodeIgniter\Debug\Exceptions->errorHandler(8, 'Undefined property: CodeIgniter\\View\\View::$db', 'APPPATH\\Views\\kegiatan\\index.php', 35, [...])
 2 SYSTEMPATH\View\View.php(213): include('APPPATH\\Views\\kegiatan\\index.php')
 3 SYSTEMPATH\View\View.php(216): CodeIgniter\View\View->CodeIgniter\View\{closure}()
 4 SYSTEMPATH\Common.php(1135): CodeIgniter\View\View->render('kegiatan/index', [], true)
 5 APPPATH\Controllers\Home.php(24): view('kegiatan/index', [...])
 6 SYSTEMPATH\CodeIgniter.php(896): App\Controllers\Home->kegiatan()
 7 SYSTEMPATH\CodeIgniter.php(466): CodeIgniter\CodeIgniter->runController(Object(App\Controllers\Home))
 8 SYSTEMPATH\CodeIgniter.php(349): CodeIgniter\CodeIgniter->handleRequest(null, Object(Config\Cache), false)
 9 FCPATH\index.php(55): CodeIgniter\CodeIgniter->run()
10 SYSTEMPATH\Commands\Server\rewrite.php(43): require_once('FCPATH\\index.php')
CRITICAL - 2022-07-30 16:18:30 --> Undefined property: CodeIgniter\View\View::$db
in APPPATH\Views\kegiatan\index.php on line 35.
 1 APPPATH\Views\kegiatan\index.php(35): CodeIgniter\Debug\Exceptions->errorHandler(8, 'Undefined property: CodeIgniter\\View\\View::$db', 'APPPATH\\Views\\kegiatan\\index.php', 35, [...])
 2 SYSTEMPATH\View\View.php(213): include('APPPATH\\Views\\kegiatan\\index.php')
 3 SYSTEMPATH\View\View.php(216): CodeIgniter\View\View->CodeIgniter\View\{closure}()
 4 SYSTEMPATH\Common.php(1135): CodeIgniter\View\View->render('kegiatan/index', [], true)
 5 APPPATH\Controllers\Home.php(24): view('kegiatan/index', [...])
 6 SYSTEMPATH\CodeIgniter.php(896): App\Controllers\Home->kegiatan()
 7 SYSTEMPATH\CodeIgniter.php(466): CodeIgniter\CodeIgniter->runController(Object(App\Controllers\Home))
 8 SYSTEMPATH\CodeIgniter.php(349): CodeIgniter\CodeIgniter->handleRequest(null, Object(Config\Cache), false)
 9 FCPATH\index.php(55): CodeIgniter\CodeIgniter->run()
10 SYSTEMPATH\Commands\Server\rewrite.php(43): require_once('FCPATH\\index.php')
CRITICAL - 2022-07-30 16:20:05 --> syntax error, unexpected '' (T_ENCAPSED_AND_WHITESPACE), expecting '-' or identifier (T_STRING) or variable (T_VARIABLE) or number (T_NUM_STRING)
in APPPATH\Views\kegiatan\index.php on line 37.
 1 SYSTEMPATH\View\View.php(216): CodeIgniter\View\View->CodeIgniter\View\{closure}()
 2 SYSTEMPATH\Common.php(1135): CodeIgniter\View\View->render('kegiatan/index', [], true)
 3 APPPATH\Controllers\Home.php(24): view('kegiatan/index', [...])
 4 SYSTEMPATH\CodeIgniter.php(896): App\Controllers\Home->kegiatan()
 5 SYSTEMPATH\CodeIgniter.php(466): CodeIgniter\CodeIgniter->runController(Object(App\Controllers\Home))
 6 SYSTEMPATH\CodeIgniter.php(349): CodeIgniter\CodeIgniter->handleRequest(null, Object(Config\Cache), false)
 7 FCPATH\index.php(55): CodeIgniter\CodeIgniter->run()
 8 SYSTEMPATH\Commands\Server\rewrite.php(43): require_once('FCPATH\\index.php')
CRITICAL - 2022-07-30 16:20:13 --> Undefined variable: db
in APPPATH\Views\kegiatan\index.php on line 35.
 1 APPPATH\Views\kegiatan\index.php(35): CodeIgniter\Debug\Exceptions->errorHandler(8, 'Undefined variable: db', 'APPPATH\\Views\\kegiatan\\index.php', 35, [...])
 2 SYSTEMPATH\View\View.php(213): include('APPPATH\\Views\\kegiatan\\index.php')
 3 SYSTEMPATH\View\View.php(216): CodeIgniter\View\View->CodeIgniter\View\{closure}()
 4 SYSTEMPATH\Common.php(1135): CodeIgniter\View\View->render('kegiatan/index', [], true)
 5 APPPATH\Controllers\Home.php(24): view('kegiatan/index', [...])
 6 SYSTEMPATH\CodeIgniter.php(896): App\Controllers\Home->kegiatan()
 7 SYSTEMPATH\CodeIgniter.php(466): CodeIgniter\CodeIgniter->runController(Object(App\Controllers\Home))
 8 SYSTEMPATH\CodeIgniter.php(349): CodeIgniter\CodeIgniter->handleRequest(null, Object(Config\Cache), false)
 9 FCPATH\index.php(55): CodeIgniter\CodeIgniter->run()
10 SYSTEMPATH\Commands\Server\rewrite.php(43): require_once('FCPATH\\index.php')
CRITICAL - 2022-07-30 16:20:21 --> Undefined property: CodeIgniter\View\View::$db
in APPPATH\Views\kegiatan\index.php on line 35.
 1 APPPATH\Views\kegiatan\index.php(35): CodeIgniter\Debug\Exceptions->errorHandler(8, 'Undefined property: CodeIgniter\\View\\View::$db', 'APPPATH\\Views\\kegiatan\\index.php', 35, [...])
 2 SYSTEMPATH\View\View.php(213): include('APPPATH\\Views\\kegiatan\\index.php')
 3 SYSTEMPATH\View\View.php(216): CodeIgniter\View\View->CodeIgniter\View\{closure}()
 4 SYSTEMPATH\Common.php(1135): CodeIgniter\View\View->render('kegiatan/index', [], true)
 5 APPPATH\Controllers\Home.php(24): view('kegiatan/index', [...])
 6 SYSTEMPATH\CodeIgniter.php(896): App\Controllers\Home->kegiatan()
 7 SYSTEMPATH\CodeIgniter.php(466): CodeIgniter\CodeIgniter->runController(Object(App\Controllers\Home))
 8 SYSTEMPATH\CodeIgniter.php(349): CodeIgniter\CodeIgniter->handleRequest(null, Object(Config\Cache), false)
 9 FCPATH\index.php(55): CodeIgniter\CodeIgniter->run()
10 SYSTEMPATH\Commands\Server\rewrite.php(43): require_once('FCPATH\\index.php')
CRITICAL - 2022-07-30 16:38:15 --> Undefined property: CodeIgniter\View\View::$db
in APPPATH\Views\kegiatan\index.php on line 35.
 1 APPPATH\Views\kegiatan\index.php(35): CodeIgniter\Debug\Exceptions->errorHandler(8, 'Undefined property: CodeIgniter\\View\\View::$db', 'APPPATH\\Views\\kegiatan\\index.php', 35, [...])
 2 SYSTEMPATH\View\View.php(213): include('APPPATH\\Views\\kegiatan\\index.php')
 3 SYSTEMPATH\View\View.php(216): CodeIgniter\View\View->CodeIgniter\View\{closure}()
 4 SYSTEMPATH\Common.php(1135): CodeIgniter\View\View->render('kegiatan/index', [], true)
 5 APPPATH\Controllers\Home.php(24): view('kegiatan/index', [...])
 6 SYSTEMPATH\CodeIgniter.php(896): App\Controllers\Home->kegiatan()
 7 SYSTEMPATH\CodeIgniter.php(466): CodeIgniter\CodeIgniter->runController(Object(App\Controllers\Home))
 8 SYSTEMPATH\CodeIgniter.php(349): CodeIgniter\CodeIgniter->handleRequest(null, Object(Config\Cache), false)
 9 FCPATH\index.php(55): CodeIgniter\CodeIgniter->run()
10 SYSTEMPATH\Commands\Server\rewrite.php(43): require_once('FCPATH\\index.php')
